<?xml version="1.0" encoding="UTF-8"?>
<!-- Generated by org.testng.reporters.JUnitReportReporter -->
<testsuite hostname="TYSS-Shobha" failures="0" tests="1" name="Campaigns.CreateCampaignWithProductTest" time="31.131" errors="0" timestamp="2024-07-17T19:12:50 IST" skipped="0">
  <testcase classname="Campaigns.CreateCampaignWithProductTest" name="createCampaignWithProductTest" time="31.131"/>
</testsuite> <!-- Campaigns.CreateCampaignWithProductTest -->
