<?xml version="1.0" encoding="UTF-8"?>
<!-- Generated by org.testng.reporters.JUnitReportReporter -->
<testsuite hostname="TYSS-Shobha" failures="0" tests="1" name="Product.CreateProductTest" time="56.484" errors="0" timestamp="2024-07-17T19:12:50 IST" skipped="0">
  <testcase classname="Product.CreateProductTest" name="createProductTest" time="56.484"/>
</testsuite> <!-- Product.CreateProductTest -->
