<?xml version="1.0" encoding="UTF-8"?>
<!-- Generated by org.testng.reporters.JUnitReportReporter -->
<testsuite hostname="TYSS-Shobha" failures="0" tests="3" name="pratice.DataProviderEx2" time="74.342" errors="0" timestamp="2024-07-09T19:35:03 IST" skipped="0">
  <testcase classname="pratice.DataProviderEx2" name="createOrganization" time="25.222"/>
  <testcase classname="pratice.DataProviderEx2" name="createOrganization" time="26.076"/>
  <testcase classname="pratice.DataProviderEx2" name="createOrganization" time="23.044"/>
</testsuite> <!-- pratice.DataProviderEx2 -->
