<?xml version="1.0" encoding="UTF-8"?>
<!-- Generated by org.testng.reporters.JUnitReportReporter -->
<testsuite hostname="TYSS-Shobha" failures="0" tests="1" name="dataDrivenTesting.FetchDataFromDataBase" time="12.220" errors="0" timestamp="2024-07-10T20:45:06 IST" skipped="0">
  <testcase classname="dataDrivenTesting.FetchDataFromDataBase" name="dataBaseData" time="12.220"/>
</testsuite> <!-- dataDrivenTesting.FetchDataFromDataBase -->
