<?xml version="1.0" encoding="UTF-8"?>
<!-- Generated by org.testng.reporters.JUnitReportReporter -->
<testsuite hostname="TYSS-Shobha" failures="0" tests="3" name="pratice.DataProviderEx3" time="67.594" errors="0" timestamp="2024-07-09T20:47:15 IST" skipped="0">
  <testcase classname="pratice.DataProviderEx3" name="createOrganization" time="21.312"/>
  <testcase classname="pratice.DataProviderEx3" name="createOrganization" time="22.067"/>
  <testcase classname="pratice.DataProviderEx3" name="createOrganization" time="24.215"/>
</testsuite> <!-- pratice.DataProviderEx3 -->
