<?xml version="1.0" encoding="UTF-8"?>
<!-- Generated by org.testng.reporters.JUnitReportReporter -->
<testsuite hostname="TYSS-Shobha" failures="0" tests="1" name="Organization.CreateOrganizationTest" time="12.896" errors="0" timestamp="2024-07-17T19:12:50 IST" skipped="0">
  <testcase classname="Organization.CreateOrganizationTest" name="createOrganizationTest" time="12.896"/>
</testsuite> <!-- Organization.CreateOrganizationTest -->
