<?xml version="1.0" encoding="UTF-8"?>
<!-- Generated by org.testng.reporters.JUnitReportReporter -->
<testsuite hostname="TYSS-Shobha" failures="0" tests="3" name="pratice.DataProviderEx1" time="0.028" errors="0" timestamp="2024-07-08T20:40:05 IST" skipped="0">
  <testcase classname="pratice.DataProviderEx1" name="bookTickets" time="0.019"/>
  <testcase classname="pratice.DataProviderEx1" name="bookTickets" time="0.003"/>
  <testcase classname="pratice.DataProviderEx1" name="bookTickets" time="0.006"/>
</testsuite> <!-- pratice.DataProviderEx1 -->
