<?xml version="1.0" encoding="UTF-8"?>
<!-- Generated by org.testng.reporters.JUnitReportReporter -->
<testsuite hostname="TYSS-Shobha" failures="0" tests="4" name="pratice.TestNGTest" time="0.019" errors="0" timestamp="2024-07-08T20:19:42 IST" skipped="0">
  <testcase classname="pratice.TestNGTest" name="createContactTest" time="0.002"/>
  <testcase classname="pratice.TestNGTest" name="modifyContactTest" time="0.002"/>
  <testcase classname="pratice.TestNGTest" name="deleteContactTest" time="0.002"/>
  <testcase classname="pratice.TestNGTest" name="createContactTest" time="0.013"/>
</testsuite> <!-- pratice.TestNGTest -->
