<?xml version="1.0" encoding="UTF-8"?>
<!-- Generated by org.testng.reporters.JUnitReportReporter -->
<testsuite hostname="TYSS-Shobha" failures="0" tests="1" name="Product.CreateProductAndDeleteProductTest" time="16.098" errors="0" timestamp="2024-07-17T19:15:09 IST" skipped="0">
  <testcase classname="Product.CreateProductAndDeleteProductTest" name="createProductAndDeleteProductTest" time="16.098"/>
</testsuite> <!-- Product.CreateProductAndDeleteProductTest -->
